The system is: Linux - 5.8.0-59-generic - x86_64
Compiling the CXX compiler identification source file "CMakeCXXCompilerId.cpp" succeeded.
Compiler: /usr/bin/c++ 
Build flags: 
Id flags:  

The output was:
0


Compilation of the CXX compiler identification source "CMakeCXXCompilerId.cpp" produced "a.out"

The CXX compiler identification is GNU, found in "/build/KLEE/CMakeFiles/3.10.2/CompilerIdCXX/a.out"

Compiling the C compiler identification source file "CMakeCCompilerId.c" succeeded.
Compiler: /usr/bin/cc 
Build flags: 
Id flags:  

The output was:
0


Compilation of the C compiler identification source "CMakeCCompilerId.c" produced "a.out"

The C compiler identification is GNU, found in "/build/KLEE/CMakeFiles/3.10.2/CompilerIdC/a.out"

Determining if the CXX compiler works passed with the following output:
Change Dir: /build/KLEE/CMakeFiles/CMakeTmp

Run Build Command:"/usr/bin/make" "cmTC_06b65/fast"
/usr/bin/make -f CMakeFiles/cmTC_06b65.dir/build.make CMakeFiles/cmTC_06b65.dir/build
make[1]: Entering directory '/build/KLEE/CMakeFiles/CMakeTmp'
Building CXX object CMakeFiles/cmTC_06b65.dir/testCXXCompiler.cxx.o
/usr/bin/c++     -o CMakeFiles/cmTC_06b65.dir/testCXXCompiler.cxx.o -c /build/KLEE/CMakeFiles/CMakeTmp/testCXXCompiler.cxx
Linking CXX executable cmTC_06b65
/usr/bin/cmake -E cmake_link_script CMakeFiles/cmTC_06b65.dir/link.txt --verbose=1
/usr/bin/c++       -rdynamic CMakeFiles/cmTC_06b65.dir/testCXXCompiler.cxx.o  -o cmTC_06b65 
make[1]: Leaving directory '/build/KLEE/CMakeFiles/CMakeTmp'


Detecting CXX compiler ABI info compiled with the following output:
Change Dir: /build/KLEE/CMakeFiles/CMakeTmp

Run Build Command:"/usr/bin/make" "cmTC_61953/fast"
/usr/bin/make -f CMakeFiles/cmTC_61953.dir/build.make CMakeFiles/cmTC_61953.dir/build
make[1]: Entering directory '/build/KLEE/CMakeFiles/CMakeTmp'
Building CXX object CMakeFiles/cmTC_61953.dir/CMakeCXXCompilerABI.cpp.o
/usr/bin/c++     -o CMakeFiles/cmTC_61953.dir/CMakeCXXCompilerABI.cpp.o -c /usr/share/cmake-3.10/Modules/CMakeCXXCompilerABI.cpp
Linking CXX executable cmTC_61953
/usr/bin/cmake -E cmake_link_script CMakeFiles/cmTC_61953.dir/link.txt --verbose=1
/usr/bin/c++      -v -rdynamic CMakeFiles/cmTC_61953.dir/CMakeCXXCompilerABI.cpp.o  -o cmTC_61953 
Using built-in specs.
COLLECT_GCC=/usr/bin/c++
COLLECT_LTO_WRAPPER=/usr/lib/gcc/x86_64-linux-gnu/7/lto-wrapper
OFFLOAD_TARGET_NAMES=nvptx-none
OFFLOAD_TARGET_DEFAULT=1
Target: x86_64-linux-gnu
Configured with: ../src/configure -v --with-pkgversion='Ubuntu 7.5.0-3ubuntu1~18.04' --with-bugurl=file:///usr/share/doc/gcc-7/README.Bugs --enable-languages=c,ada,c++,go,brig,d,fortran,objc,obj-c++ --prefix=/usr --with-gcc-major-version-only --program-suffix=-7 --program-prefix=x86_64-linux-gnu- --enable-shared --enable-linker-build-id --libexecdir=/usr/lib --without-included-gettext --enable-threads=posix --libdir=/usr/lib --enable-nls --enable-bootstrap --enable-clocale=gnu --enable-libstdcxx-debug --enable-libstdcxx-time=yes --with-default-libstdcxx-abi=new --enable-gnu-unique-object --disable-vtable-verify --enable-libmpx --enable-plugin --enable-default-pie --with-system-zlib --with-target-system-zlib --enable-objc-gc=auto --enable-multiarch --disable-werror --with-arch-32=i686 --with-abi=m64 --with-multilib-list=m32,m64,mx32 --enable-multilib --with-tune=generic --enable-offload-targets=nvptx-none --without-cuda-driver --enable-checking=release --build=x86_64-linux-gnu --host=x86_64-linux-gnu --target=x86_64-linux-gnu
Thread model: posix
gcc version 7.5.0 (Ubuntu 7.5.0-3ubuntu1~18.04) 
COMPILER_PATH=/usr/lib/gcc/x86_64-linux-gnu/7/:/usr/lib/gcc/x86_64-linux-gnu/7/:/usr/lib/gcc/x86_64-linux-gnu/:/usr/lib/gcc/x86_64-linux-gnu/7/:/usr/lib/gcc/x86_64-linux-gnu/
LIBRARY_PATH=/usr/lib/gcc/x86_64-linux-gnu/7/:/usr/lib/gcc/x86_64-linux-gnu/7/../../../x86_64-linux-gnu/:/usr/lib/gcc/x86_64-linux-gnu/7/../../../../lib/:/lib/x86_64-linux-gnu/:/lib/../lib/:/usr/lib/x86_64-linux-gnu/:/usr/lib/../lib/:/usr/lib/gcc/x86_64-linux-gnu/7/../../../:/lib/:/usr/lib/
COLLECT_GCC_OPTIONS='-v' '-rdynamic' '-o' 'cmTC_61953' '-shared-libgcc' '-mtune=generic' '-march=x86-64'
 /usr/lib/gcc/x86_64-linux-gnu/7/collect2 -plugin /usr/lib/gcc/x86_64-linux-gnu/7/liblto_plugin.so -plugin-opt=/usr/lib/gcc/x86_64-linux-gnu/7/lto-wrapper -plugin-opt=-fresolution=/tmp/cc6kKnp9.res -plugin-opt=-pass-through=-lgcc_s -plugin-opt=-pass-through=-lgcc -plugin-opt=-pass-through=-lc -plugin-opt=-pass-through=-lgcc_s -plugin-opt=-pass-through=-lgcc --build-id --eh-frame-hdr -m elf_x86_64 --hash-style=gnu --as-needed -export-dynamic -dynamic-linker /lib64/ld-linux-x86-64.so.2 -pie -z now -z relro -o cmTC_61953 /usr/lib/gcc/x86_64-linux-gnu/7/../../../x86_64-linux-gnu/Scrt1.o /usr/lib/gcc/x86_64-linux-gnu/7/../../../x86_64-linux-gnu/crti.o /usr/lib/gcc/x86_64-linux-gnu/7/crtbeginS.o -L/usr/lib/gcc/x86_64-linux-gnu/7 -L/usr/lib/gcc/x86_64-linux-gnu/7/../../../x86_64-linux-gnu -L/usr/lib/gcc/x86_64-linux-gnu/7/../../../../lib -L/lib/x86_64-linux-gnu -L/lib/../lib -L/usr/lib/x86_64-linux-gnu -L/usr/lib/../lib -L/usr/lib/gcc/x86_64-linux-gnu/7/../../.. CMakeFiles/cmTC_61953.dir/CMakeCXXCompilerABI.cpp.o -lstdc++ -lm -lgcc_s -lgcc -lc -lgcc_s -lgcc /usr/lib/gcc/x86_64-linux-gnu/7/crtendS.o /usr/lib/gcc/x86_64-linux-gnu/7/../../../x86_64-linux-gnu/crtn.o
COLLECT_GCC_OPTIONS='-v' '-rdynamic' '-o' 'cmTC_61953' '-shared-libgcc' '-mtune=generic' '-march=x86-64'
make[1]: Leaving directory '/build/KLEE/CMakeFiles/CMakeTmp'


Parsed CXX implicit link information from above output:
  link line regex: [^( *|.*[/\])(ld|CMAKE_LINK_STARTFILE-NOTFOUND|([^/\]+-)?ld|collect2)[^/\]*( |$)]
  ignore line: [Change Dir: /build/KLEE/CMakeFiles/CMakeTmp]
  ignore line: []
  ignore line: [Run Build Command:"/usr/bin/make" "cmTC_61953/fast"]
  ignore line: [/usr/bin/make -f CMakeFiles/cmTC_61953.dir/build.make CMakeFiles/cmTC_61953.dir/build]
  ignore line: [make[1]: Entering directory '/build/KLEE/CMakeFiles/CMakeTmp']
  ignore line: [Building CXX object CMakeFiles/cmTC_61953.dir/CMakeCXXCompilerABI.cpp.o]
  ignore line: [/usr/bin/c++     -o CMakeFiles/cmTC_61953.dir/CMakeCXXCompilerABI.cpp.o -c /usr/share/cmake-3.10/Modules/CMakeCXXCompilerABI.cpp]
  ignore line: [Linking CXX executable cmTC_61953]
  ignore line: [/usr/bin/cmake -E cmake_link_script CMakeFiles/cmTC_61953.dir/link.txt --verbose=1]
  ignore line: [/usr/bin/c++      -v -rdynamic CMakeFiles/cmTC_61953.dir/CMakeCXXCompilerABI.cpp.o  -o cmTC_61953 ]
  ignore line: [Using built-in specs.]
  ignore line: [COLLECT_GCC=/usr/bin/c++]
  ignore line: [COLLECT_LTO_WRAPPER=/usr/lib/gcc/x86_64-linux-gnu/7/lto-wrapper]
  ignore line: [OFFLOAD_TARGET_NAMES=nvptx-none]
  ignore line: [OFFLOAD_TARGET_DEFAULT=1]
  ignore line: [Target: x86_64-linux-gnu]
  ignore line: [Configured with: ../src/configure -v --with-pkgversion='Ubuntu 7.5.0-3ubuntu1~18.04' --with-bugurl=file:///usr/share/doc/gcc-7/README.Bugs --enable-languages=c,ada,c++,go,brig,d,fortran,objc,obj-c++ --prefix=/usr --with-gcc-major-version-only --program-suffix=-7 --program-prefix=x86_64-linux-gnu- --enable-shared --enable-linker-build-id --libexecdir=/usr/lib --without-included-gettext --enable-threads=posix --libdir=/usr/lib --enable-nls --enable-bootstrap --enable-clocale=gnu --enable-libstdcxx-debug --enable-libstdcxx-time=yes --with-default-libstdcxx-abi=new --enable-gnu-unique-object --disable-vtable-verify --enable-libmpx --enable-plugin --enable-default-pie --with-system-zlib --with-target-system-zlib --enable-objc-gc=auto --enable-multiarch --disable-werror --with-arch-32=i686 --with-abi=m64 --with-multilib-list=m32,m64,mx32 --enable-multilib --with-tune=generic --enable-offload-targets=nvptx-none --without-cuda-driver --enable-checking=release --build=x86_64-linux-gnu --host=x86_64-linux-gnu --target=x86_64-linux-gnu]
  ignore line: [Thread model: posix]
  ignore line: [gcc version 7.5.0 (Ubuntu 7.5.0-3ubuntu1~18.04) ]
  ignore line: [COMPILER_PATH=/usr/lib/gcc/x86_64-linux-gnu/7/:/usr/lib/gcc/x86_64-linux-gnu/7/:/usr/lib/gcc/x86_64-linux-gnu/:/usr/lib/gcc/x86_64-linux-gnu/7/:/usr/lib/gcc/x86_64-linux-gnu/]
  ignore line: [LIBRARY_PATH=/usr/lib/gcc/x86_64-linux-gnu/7/:/usr/lib/gcc/x86_64-linux-gnu/7/../../../x86_64-linux-gnu/:/usr/lib/gcc/x86_64-linux-gnu/7/../../../../lib/:/lib/x86_64-linux-gnu/:/lib/../lib/:/usr/lib/x86_64-linux-gnu/:/usr/lib/../lib/:/usr/lib/gcc/x86_64-linux-gnu/7/../../../:/lib/:/usr/lib/]
  ignore line: [COLLECT_GCC_OPTIONS='-v' '-rdynamic' '-o' 'cmTC_61953' '-shared-libgcc' '-mtune=generic' '-march=x86-64']
  link line: [ /usr/lib/gcc/x86_64-linux-gnu/7/collect2 -plugin /usr/lib/gcc/x86_64-linux-gnu/7/liblto_plugin.so -plugin-opt=/usr/lib/gcc/x86_64-linux-gnu/7/lto-wrapper -plugin-opt=-fresolution=/tmp/cc6kKnp9.res -plugin-opt=-pass-through=-lgcc_s -plugin-opt=-pass-through=-lgcc -plugin-opt=-pass-through=-lc -plugin-opt=-pass-through=-lgcc_s -plugin-opt=-pass-through=-lgcc --build-id --eh-frame-hdr -m elf_x86_64 --hash-style=gnu --as-needed -export-dynamic -dynamic-linker /lib64/ld-linux-x86-64.so.2 -pie -z now -z relro -o cmTC_61953 /usr/lib/gcc/x86_64-linux-gnu/7/../../../x86_64-linux-gnu/Scrt1.o /usr/lib/gcc/x86_64-linux-gnu/7/../../../x86_64-linux-gnu/crti.o /usr/lib/gcc/x86_64-linux-gnu/7/crtbeginS.o -L/usr/lib/gcc/x86_64-linux-gnu/7 -L/usr/lib/gcc/x86_64-linux-gnu/7/../../../x86_64-linux-gnu -L/usr/lib/gcc/x86_64-linux-gnu/7/../../../../lib -L/lib/x86_64-linux-gnu -L/lib/../lib -L/usr/lib/x86_64-linux-gnu -L/usr/lib/../lib -L/usr/lib/gcc/x86_64-linux-gnu/7/../../.. CMakeFiles/cmTC_61953.dir/CMakeCXXCompilerABI.cpp.o -lstdc++ -lm -lgcc_s -lgcc -lc -lgcc_s -lgcc /usr/lib/gcc/x86_64-linux-gnu/7/crtendS.o /usr/lib/gcc/x86_64-linux-gnu/7/../../../x86_64-linux-gnu/crtn.o]
    arg [/usr/lib/gcc/x86_64-linux-gnu/7/collect2] ==> ignore
    arg [-plugin] ==> ignore
    arg [/usr/lib/gcc/x86_64-linux-gnu/7/liblto_plugin.so] ==> ignore
    arg [-plugin-opt=/usr/lib/gcc/x86_64-linux-gnu/7/lto-wrapper] ==> ignore
    arg [-plugin-opt=-fresolution=/tmp/cc6kKnp9.res] ==> ignore
    arg [-plugin-opt=-pass-through=-lgcc_s] ==> ignore
    arg [-plugin-opt=-pass-through=-lgcc] ==> ignore
    arg [-plugin-opt=-pass-through=-lc] ==> ignore
    arg [-plugin-opt=-pass-through=-lgcc_s] ==> ignore
    arg [-plugin-opt=-pass-through=-lgcc] ==> ignore
    arg [--build-id] ==> ignore
    arg [--eh-frame-hdr] ==> ignore
    arg [-m] ==> ignore
    arg [elf_x86_64] ==> ignore
    arg [--hash-style=gnu] ==> ignore
    arg [--as-needed] ==> ignore
    arg [-export-dynamic] ==> ignore
    arg [-dynamic-linker] ==> ignore
    arg [/lib64/ld-linux-x86-64.so.2] ==> ignore
    arg [-pie] ==> ignore
    arg [-znow] ==> ignore
    arg [-zrelro] ==> ignore
    arg [-o] ==> ignore
    arg [cmTC_61953] ==> ignore
    arg [/usr/lib/gcc/x86_64-linux-gnu/7/../../../x86_64-linux-gnu/Scrt1.o] ==> ignore
    arg [/usr/lib/gcc/x86_64-linux-gnu/7/../../../x86_64-linux-gnu/crti.o] ==> ignore
    arg [/usr/lib/gcc/x86_64-linux-gnu/7/crtbeginS.o] ==> ignore
    arg [-L/usr/lib/gcc/x86_64-linux-gnu/7] ==> dir [/usr/lib/gcc/x86_64-linux-gnu/7]
    arg [-L/usr/lib/gcc/x86_64-linux-gnu/7/../../../x86_64-linux-gnu] ==> dir [/usr/lib/gcc/x86_64-linux-gnu/7/../../../x86_64-linux-gnu]
    arg [-L/usr/lib/gcc/x86_64-linux-gnu/7/../../../../lib] ==> dir [/usr/lib/gcc/x86_64-linux-gnu/7/../../../../lib]
    arg [-L/lib/x86_64-linux-gnu] ==> dir [/lib/x86_64-linux-gnu]
    arg [-L/lib/../lib] ==> dir [/lib/../lib]
    arg [-L/usr/lib/x86_64-linux-gnu] ==> dir [/usr/lib/x86_64-linux-gnu]
    arg [-L/usr/lib/../lib] ==> dir [/usr/lib/../lib]
    arg [-L/usr/lib/gcc/x86_64-linux-gnu/7/../../..] ==> dir [/usr/lib/gcc/x86_64-linux-gnu/7/../../..]
    arg [CMakeFiles/cmTC_61953.dir/CMakeCXXCompilerABI.cpp.o] ==> ignore
    arg [-lstdc++] ==> lib [stdc++]
    arg [-lm] ==> lib [m]
    arg [-lgcc_s] ==> lib [gcc_s]
    arg [-lgcc] ==> lib [gcc]
    arg [-lc] ==> lib [c]
    arg [-lgcc_s] ==> lib [gcc_s]
    arg [-lgcc] ==> lib [gcc]
    arg [/usr/lib/gcc/x86_64-linux-gnu/7/crtendS.o] ==> ignore
    arg [/usr/lib/gcc/x86_64-linux-gnu/7/../../../x86_64-linux-gnu/crtn.o] ==> ignore
  collapse library dir [/usr/lib/gcc/x86_64-linux-gnu/7] ==> [/usr/lib/gcc/x86_64-linux-gnu/7]
  collapse library dir [/usr/lib/gcc/x86_64-linux-gnu/7/../../../x86_64-linux-gnu] ==> [/usr/lib/x86_64-linux-gnu]
  collapse library dir [/usr/lib/gcc/x86_64-linux-gnu/7/../../../../lib] ==> [/usr/lib]
  collapse library dir [/lib/x86_64-linux-gnu] ==> [/lib/x86_64-linux-gnu]
  collapse library dir [/lib/../lib] ==> [/lib]
  collapse library dir [/usr/lib/x86_64-linux-gnu] ==> [/usr/lib/x86_64-linux-gnu]
  collapse library dir [/usr/lib/../lib] ==> [/usr/lib]
  collapse library dir [/usr/lib/gcc/x86_64-linux-gnu/7/../../..] ==> [/usr/lib]
  implicit libs: [stdc++;m;gcc_s;gcc;c;gcc_s;gcc]
  implicit dirs: [/usr/lib/gcc/x86_64-linux-gnu/7;/usr/lib/x86_64-linux-gnu;/usr/lib;/lib/x86_64-linux-gnu;/lib]
  implicit fwks: []




Detecting CXX [-std=c++1z] compiler features compiled with the following output:
Change Dir: /build/KLEE/CMakeFiles/CMakeTmp

Run Build Command:"/usr/bin/make" "cmTC_c1dda/fast"
/usr/bin/make -f CMakeFiles/cmTC_c1dda.dir/build.make CMakeFiles/cmTC_c1dda.dir/build
make[1]: Entering directory '/build/KLEE/CMakeFiles/CMakeTmp'
Building CXX object CMakeFiles/cmTC_c1dda.dir/feature_tests.cxx.o
/usr/bin/c++    -std=c++1z -o CMakeFiles/cmTC_c1dda.dir/feature_tests.cxx.o -c /build/KLEE/CMakeFiles/feature_tests.cxx
Linking CXX executable cmTC_c1dda
/usr/bin/cmake -E cmake_link_script CMakeFiles/cmTC_c1dda.dir/link.txt --verbose=1
/usr/bin/c++       -rdynamic CMakeFiles/cmTC_c1dda.dir/feature_tests.cxx.o  -o cmTC_c1dda 
make[1]: Leaving directory '/build/KLEE/CMakeFiles/CMakeTmp'


    Feature record: CXX_FEATURE:1cxx_aggregate_default_initializers
    Feature record: CXX_FEATURE:1cxx_alias_templates
    Feature record: CXX_FEATURE:1cxx_alignas
    Feature record: CXX_FEATURE:1cxx_alignof
    Feature record: CXX_FEATURE:1cxx_attributes
    Feature record: CXX_FEATURE:1cxx_attribute_deprecated
    Feature record: CXX_FEATURE:1cxx_auto_type
    Feature record: CXX_FEATURE:1cxx_binary_literals
    Feature record: CXX_FEATURE:1cxx_constexpr
    Feature record: CXX_FEATURE:1cxx_contextual_conversions
    Feature record: CXX_FEATURE:1cxx_decltype
    Feature record: CXX_FEATURE:1cxx_decltype_auto
    Feature record: CXX_FEATURE:1cxx_decltype_incomplete_return_types
    Feature record: CXX_FEATURE:1cxx_default_function_template_args
    Feature record: CXX_FEATURE:1cxx_defaulted_functions
    Feature record: CXX_FEATURE:1cxx_defaulted_move_initializers
    Feature record: CXX_FEATURE:1cxx_delegating_constructors
    Feature record: CXX_FEATURE:1cxx_deleted_functions
    Feature record: CXX_FEATURE:1cxx_digit_separators
    Feature record: CXX_FEATURE:1cxx_enum_forward_declarations
    Feature record: CXX_FEATURE:1cxx_explicit_conversions
    Feature record: CXX_FEATURE:1cxx_extended_friend_declarations
    Feature record: CXX_FEATURE:1cxx_extern_templates
    Feature record: CXX_FEATURE:1cxx_final
    Feature record: CXX_FEATURE:1cxx_func_identifier
    Feature record: CXX_FEATURE:1cxx_generalized_initializers
    Feature record: CXX_FEATURE:1cxx_generic_lambdas
    Feature record: CXX_FEATURE:1cxx_inheriting_constructors
    Feature record: CXX_FEATURE:1cxx_inline_namespaces
    Feature record: CXX_FEATURE:1cxx_lambdas
    Feature record: CXX_FEATURE:1cxx_lambda_init_captures
    Feature record: CXX_FEATURE:1cxx_local_type_template_args
    Feature record: CXX_FEATURE:1cxx_long_long_type
    Feature record: CXX_FEATURE:1cxx_noexcept
    Feature record: CXX_FEATURE:1cxx_nonstatic_member_init
    Feature record: CXX_FEATURE:1cxx_nullptr
    Feature record: CXX_FEATURE:1cxx_override
    Feature record: CXX_FEATURE:1cxx_range_for
    Feature record: CXX_FEATURE:1cxx_raw_string_literals
    Feature record: CXX_FEATURE:1cxx_reference_qualified_functions
    Feature record: CXX_FEATURE:1cxx_relaxed_constexpr
    Feature record: CXX_FEATURE:1cxx_return_type_deduction
    Feature record: CXX_FEATURE:1cxx_right_angle_brackets
    Feature record: CXX_FEATURE:1cxx_rvalue_references
    Feature record: CXX_FEATURE:1cxx_sizeof_member
    Feature record: CXX_FEATURE:1cxx_static_assert
    Feature record: CXX_FEATURE:1cxx_strong_enums
    Feature record: CXX_FEATURE:1cxx_template_template_parameters
    Feature record: CXX_FEATURE:1cxx_thread_local
    Feature record: CXX_FEATURE:1cxx_trailing_return_types
    Feature record: CXX_FEATURE:1cxx_unicode_literals
    Feature record: CXX_FEATURE:1cxx_uniform_initialization
    Feature record: CXX_FEATURE:1cxx_unrestricted_unions
    Feature record: CXX_FEATURE:1cxx_user_literals
    Feature record: CXX_FEATURE:1cxx_variable_templates
    Feature record: CXX_FEATURE:1cxx_variadic_macros
    Feature record: CXX_FEATURE:1cxx_variadic_templates


Detecting CXX [-std=c++14] compiler features compiled with the following output:
Change Dir: /build/KLEE/CMakeFiles/CMakeTmp

Run Build Command:"/usr/bin/make" "cmTC_3a0ba/fast"
/usr/bin/make -f CMakeFiles/cmTC_3a0ba.dir/build.make CMakeFiles/cmTC_3a0ba.dir/build
make[1]: Entering directory '/build/KLEE/CMakeFiles/CMakeTmp'
Building CXX object CMakeFiles/cmTC_3a0ba.dir/feature_tests.cxx.o
/usr/bin/c++    -std=c++14 -o CMakeFiles/cmTC_3a0ba.dir/feature_tests.cxx.o -c /build/KLEE/CMakeFiles/feature_tests.cxx
Linking CXX executable cmTC_3a0ba
/usr/bin/cmake -E cmake_link_script CMakeFiles/cmTC_3a0ba.dir/link.txt --verbose=1
/usr/bin/c++       -rdynamic CMakeFiles/cmTC_3a0ba.dir/feature_tests.cxx.o  -o cmTC_3a0ba 
make[1]: Leaving directory '/build/KLEE/CMakeFiles/CMakeTmp'


    Feature record: CXX_FEATURE:1cxx_aggregate_default_initializers
    Feature record: CXX_FEATURE:1cxx_alias_templates
    Feature record: CXX_FEATURE:1cxx_alignas
    Feature record: CXX_FEATURE:1cxx_alignof
    Feature record: CXX_FEATURE:1cxx_attributes
    Feature record: CXX_FEATURE:1cxx_attribute_deprecated
    Feature record: CXX_FEATURE:1cxx_auto_type
    Feature record: CXX_FEATURE:1cxx_binary_literals
    Feature record: CXX_FEATURE:1cxx_constexpr
    Feature record: CXX_FEATURE:1cxx_contextual_conversions
    Feature record: CXX_FEATURE:1cxx_decltype
    Feature record: CXX_FEATURE:1cxx_decltype_auto
    Feature record: CXX_FEATURE:1cxx_decltype_incomplete_return_types
    Feature record: CXX_FEATURE:1cxx_default_function_template_args
    Feature record: CXX_FEATURE:1cxx_defaulted_functions
    Feature record: CXX_FEATURE:1cxx_defaulted_move_initializers
    Feature record: CXX_FEATURE:1cxx_delegating_constructors
    Feature record: CXX_FEATURE:1cxx_deleted_functions
    Feature record: CXX_FEATURE:1cxx_digit_separators
    Feature record: CXX_FEATURE:1cxx_enum_forward_declarations
    Feature record: CXX_FEATURE:1cxx_explicit_conversions
    Feature record: CXX_FEATURE:1cxx_extended_friend_declarations
    Feature record: CXX_FEATURE:1cxx_extern_templates
    Feature record: CXX_FEATURE:1cxx_final
    Feature record: CXX_FEATURE:1cxx_func_identifier
    Feature record: CXX_FEATURE:1cxx_generalized_initializers
    Feature record: CXX_FEATURE:1cxx_generic_lambdas
    Feature record: CXX_FEATURE:1cxx_inheriting_constructors
    Feature record: CXX_FEATURE:1cxx_inline_namespaces
    Feature record: CXX_FEATURE:1cxx_lambdas
    Feature record: CXX_FEATURE:1cxx_lambda_init_captures
    Feature record: CXX_FEATURE:1cxx_local_type_template_args
    Feature record: CXX_FEATURE:1cxx_long_long_type
    Feature record: CXX_FEATURE:1cxx_noexcept
    Feature record: CXX_FEATURE:1cxx_nonstatic_member_init
    Feature record: CXX_FEATURE:1cxx_nullptr
    Feature record: CXX_FEATURE:1cxx_override
    Feature record: CXX_FEATURE:1cxx_range_for
    Feature record: CXX_FEATURE:1cxx_raw_string_literals
    Feature record: CXX_FEATURE:1cxx_reference_qualified_functions
    Feature record: CXX_FEATURE:1cxx_relaxed_constexpr
    Feature record: CXX_FEATURE:1cxx_return_type_deduction
    Feature record: CXX_FEATURE:1cxx_right_angle_brackets
    Feature record: CXX_FEATURE:1cxx_rvalue_references
    Feature record: CXX_FEATURE:1cxx_sizeof_member
    Feature record: CXX_FEATURE:1cxx_static_assert
    Feature record: CXX_FEATURE:1cxx_strong_enums
    Feature record: CXX_FEATURE:1cxx_template_template_parameters
    Feature record: CXX_FEATURE:1cxx_thread_local
    Feature record: CXX_FEATURE:1cxx_trailing_return_types
    Feature record: CXX_FEATURE:1cxx_unicode_literals
    Feature record: CXX_FEATURE:1cxx_uniform_initialization
    Feature record: CXX_FEATURE:1cxx_unrestricted_unions
    Feature record: CXX_FEATURE:1cxx_user_literals
    Feature record: CXX_FEATURE:1cxx_variable_templates
    Feature record: CXX_FEATURE:1cxx_variadic_macros
    Feature record: CXX_FEATURE:1cxx_variadic_templates


Detecting CXX [-std=c++11] compiler features compiled with the following output:
Change Dir: /build/KLEE/CMakeFiles/CMakeTmp

Run Build Command:"/usr/bin/make" "cmTC_3aaa5/fast"
/usr/bin/make -f CMakeFiles/cmTC_3aaa5.dir/build.make CMakeFiles/cmTC_3aaa5.dir/build
make[1]: Entering directory '/build/KLEE/CMakeFiles/CMakeTmp'
Building CXX object CMakeFiles/cmTC_3aaa5.dir/feature_tests.cxx.o
/usr/bin/c++    -std=c++11 -o CMakeFiles/cmTC_3aaa5.dir/feature_tests.cxx.o -c /build/KLEE/CMakeFiles/feature_tests.cxx
Linking CXX executable cmTC_3aaa5
/usr/bin/cmake -E cmake_link_script CMakeFiles/cmTC_3aaa5.dir/link.txt --verbose=1
/usr/bin/c++       -rdynamic CMakeFiles/cmTC_3aaa5.dir/feature_tests.cxx.o  -o cmTC_3aaa5 
make[1]: Leaving directory '/build/KLEE/CMakeFiles/CMakeTmp'


    Feature record: CXX_FEATURE:0cxx_aggregate_default_initializers
    Feature record: CXX_FEATURE:1cxx_alias_templates
    Feature record: CXX_FEATURE:1cxx_alignas
    Feature record: CXX_FEATURE:1cxx_alignof
    Feature record: CXX_FEATURE:1cxx_attributes
    Feature record: CXX_FEATURE:0cxx_attribute_deprecated
    Feature record: CXX_FEATURE:1cxx_auto_type
    Feature record: CXX_FEATURE:0cxx_binary_literals
    Feature record: CXX_FEATURE:1cxx_constexpr
    Feature record: CXX_FEATURE:0cxx_contextual_conversions
    Feature record: CXX_FEATURE:1cxx_decltype
    Feature record: CXX_FEATURE:0cxx_decltype_auto
    Feature record: CXX_FEATURE:1cxx_decltype_incomplete_return_types
    Feature record: CXX_FEATURE:1cxx_default_function_template_args
    Feature record: CXX_FEATURE:1cxx_defaulted_functions
    Feature record: CXX_FEATURE:1cxx_defaulted_move_initializers
    Feature record: CXX_FEATURE:1cxx_delegating_constructors
    Feature record: CXX_FEATURE:1cxx_deleted_functions
    Feature record: CXX_FEATURE:0cxx_digit_separators
    Feature record: CXX_FEATURE:1cxx_enum_forward_declarations
    Feature record: CXX_FEATURE:1cxx_explicit_conversions
    Feature record: CXX_FEATURE:1cxx_extended_friend_declarations
    Feature record: CXX_FEATURE:1cxx_extern_templates
    Feature record: CXX_FEATURE:1cxx_final
    Feature record: CXX_FEATURE:1cxx_func_identifier
    Feature record: CXX_FEATURE:1cxx_generalized_initializers
    Feature record: CXX_FEATURE:0cxx_generic_lambdas
    Feature record: CXX_FEATURE:1cxx_inheriting_constructors
    Feature record: CXX_FEATURE:1cxx_inline_namespaces
    Feature record: CXX_FEATURE:1cxx_lambdas
    Feature record: CXX_FEATURE:0cxx_lambda_init_captures
    Feature record: CXX_FEATURE:1cxx_local_type_template_args
    Feature record: CXX_FEATURE:1cxx_long_long_type
    Feature record: CXX_FEATURE:1cxx_noexcept
    Feature record: CXX_FEATURE:1cxx_nonstatic_member_init
    Feature record: CXX_FEATURE:1cxx_nullptr
    Feature record: CXX_FEATURE:1cxx_override
    Feature record: CXX_FEATURE:1cxx_range_for
    Feature record: CXX_FEATURE:1cxx_raw_string_literals
    Feature record: CXX_FEATURE:1cxx_reference_qualified_functions
    Feature record: CXX_FEATURE:0cxx_relaxed_constexpr
    Feature record: CXX_FEATURE:0cxx_return_type_deduction
    Feature record: CXX_FEATURE:1cxx_right_angle_brackets
    Feature record: CXX_FEATURE:1cxx_rvalue_references
    Feature record: CXX_FEATURE:1cxx_sizeof_member
    Feature record: CXX_FEATURE:1cxx_static_assert
    Feature record: CXX_FEATURE:1cxx_strong_enums
    Feature record: CXX_FEATURE:1cxx_template_template_parameters
    Feature record: CXX_FEATURE:1cxx_thread_local
    Feature record: CXX_FEATURE:1cxx_trailing_return_types
    Feature record: CXX_FEATURE:1cxx_unicode_literals
    Feature record: CXX_FEATURE:1cxx_uniform_initialization
    Feature record: CXX_FEATURE:1cxx_unrestricted_unions
    Feature record: CXX_FEATURE:1cxx_user_literals
    Feature record: CXX_FEATURE:0cxx_variable_templates
    Feature record: CXX_FEATURE:1cxx_variadic_macros
    Feature record: CXX_FEATURE:1cxx_variadic_templates


Detecting CXX [-std=c++98] compiler features compiled with the following output:
Change Dir: /build/KLEE/CMakeFiles/CMakeTmp

Run Build Command:"/usr/bin/make" "cmTC_9e49f/fast"
/usr/bin/make -f CMakeFiles/cmTC_9e49f.dir/build.make CMakeFiles/cmTC_9e49f.dir/build
make[1]: Entering directory '/build/KLEE/CMakeFiles/CMakeTmp'
Building CXX object CMakeFiles/cmTC_9e49f.dir/feature_tests.cxx.o
/usr/bin/c++    -std=c++98 -o CMakeFiles/cmTC_9e49f.dir/feature_tests.cxx.o -c /build/KLEE/CMakeFiles/feature_tests.cxx
Linking CXX executable cmTC_9e49f
/usr/bin/cmake -E cmake_link_script CMakeFiles/cmTC_9e49f.dir/link.txt --verbose=1
/usr/bin/c++       -rdynamic CMakeFiles/cmTC_9e49f.dir/feature_tests.cxx.o  -o cmTC_9e49f 
make[1]: Leaving directory '/build/KLEE/CMakeFiles/CMakeTmp'


    Feature record: CXX_FEATURE:0cxx_aggregate_default_initializers
    Feature record: CXX_FEATURE:0cxx_alias_templates
    Feature record: CXX_FEATURE:0cxx_alignas
    Feature record: CXX_FEATURE:0cxx_alignof
    Feature record: CXX_FEATURE:0cxx_attributes
    Feature record: CXX_FEATURE:0cxx_attribute_deprecated
    Feature record: CXX_FEATURE:0cxx_auto_type
    Feature record: CXX_FEATURE:0cxx_binary_literals
    Feature record: CXX_FEATURE:0cxx_constexpr
    Feature record: CXX_FEATURE:0cxx_contextual_conversions
    Feature record: CXX_FEATURE:0cxx_decltype
    Feature record: CXX_FEATURE:0cxx_decltype_auto
    Feature record: CXX_FEATURE:0cxx_decltype_incomplete_return_types
    Feature record: CXX_FEATURE:0cxx_default_function_template_args
    Feature record: CXX_FEATURE:0cxx_defaulted_functions
    Feature record: CXX_FEATURE:0cxx_defaulted_move_initializers
    Feature record: CXX_FEATURE:0cxx_delegating_constructors
    Feature record: CXX_FEATURE:0cxx_deleted_functions
    Feature record: CXX_FEATURE:0cxx_digit_separators
    Feature record: CXX_FEATURE:0cxx_enum_forward_declarations
    Feature record: CXX_FEATURE:0cxx_explicit_conversions
    Feature record: CXX_FEATURE:0cxx_extended_friend_declarations
    Feature record: CXX_FEATURE:0cxx_extern_templates
    Feature record: CXX_FEATURE:0cxx_final
    Feature record: CXX_FEATURE:0cxx_func_identifier
    Feature record: CXX_FEATURE:0cxx_generalized_initializers
    Feature record: CXX_FEATURE:0cxx_generic_lambdas
    Feature record: CXX_FEATURE:0cxx_inheriting_constructors
    Feature record: CXX_FEATURE:0cxx_inline_namespaces
    Feature record: CXX_FEATURE:0cxx_lambdas
    Feature record: CXX_FEATURE:0cxx_lambda_init_captures
    Feature record: CXX_FEATURE:0cxx_local_type_template_args
    Feature record: CXX_FEATURE:0cxx_long_long_type
    Feature record: CXX_FEATURE:0cxx_noexcept
    Feature record: CXX_FEATURE:0cxx_nonstatic_member_init
    Feature record: CXX_FEATURE:0cxx_nullptr
    Feature record: CXX_FEATURE:0cxx_override
    Feature record: CXX_FEATURE:0cxx_range_for
    Feature record: CXX_FEATURE:0cxx_raw_string_literals
    Feature record: CXX_FEATURE:0cxx_reference_qualified_functions
    Feature record: CXX_FEATURE:0cxx_relaxed_constexpr
    Feature record: CXX_FEATURE:0cxx_return_type_deduction
    Feature record: CXX_FEATURE:0cxx_right_angle_brackets
    Feature record: CXX_FEATURE:0cxx_rvalue_references
    Feature record: CXX_FEATURE:0cxx_sizeof_member
    Feature record: CXX_FEATURE:0cxx_static_assert
    Feature record: CXX_FEATURE:0cxx_strong_enums
    Feature record: CXX_FEATURE:1cxx_template_template_parameters
    Feature record: CXX_FEATURE:0cxx_thread_local
    Feature record: CXX_FEATURE:0cxx_trailing_return_types
    Feature record: CXX_FEATURE:0cxx_unicode_literals
    Feature record: CXX_FEATURE:0cxx_uniform_initialization
    Feature record: CXX_FEATURE:0cxx_unrestricted_unions
    Feature record: CXX_FEATURE:0cxx_user_literals
    Feature record: CXX_FEATURE:0cxx_variable_templates
    Feature record: CXX_FEATURE:0cxx_variadic_macros
    Feature record: CXX_FEATURE:0cxx_variadic_templates
Determining if the C compiler works passed with the following output:
Change Dir: /build/KLEE/CMakeFiles/CMakeTmp

Run Build Command:"/usr/bin/make" "cmTC_a1553/fast"
/usr/bin/make -f CMakeFiles/cmTC_a1553.dir/build.make CMakeFiles/cmTC_a1553.dir/build
make[1]: Entering directory '/build/KLEE/CMakeFiles/CMakeTmp'
Building C object CMakeFiles/cmTC_a1553.dir/testCCompiler.c.o
/usr/bin/cc    -o CMakeFiles/cmTC_a1553.dir/testCCompiler.c.o   -c /build/KLEE/CMakeFiles/CMakeTmp/testCCompiler.c
Linking C executable cmTC_a1553
/usr/bin/cmake -E cmake_link_script CMakeFiles/cmTC_a1553.dir/link.txt --verbose=1
/usr/bin/cc      -rdynamic CMakeFiles/cmTC_a1553.dir/testCCompiler.c.o  -o cmTC_a1553 
make[1]: Leaving directory '/build/KLEE/CMakeFiles/CMakeTmp'


Detecting C compiler ABI info compiled with the following output:
Change Dir: /build/KLEE/CMakeFiles/CMakeTmp

Run Build Command:"/usr/bin/make" "cmTC_74acc/fast"
/usr/bin/make -f CMakeFiles/cmTC_74acc.dir/build.make CMakeFiles/cmTC_74acc.dir/build
make[1]: Entering directory '/build/KLEE/CMakeFiles/CMakeTmp'
Building C object CMakeFiles/cmTC_74acc.dir/CMakeCCompilerABI.c.o
/usr/bin/cc    -o CMakeFiles/cmTC_74acc.dir/CMakeCCompilerABI.c.o   -c /usr/share/cmake-3.10/Modules/CMakeCCompilerABI.c
Linking C executable cmTC_74acc
/usr/bin/cmake -E cmake_link_script CMakeFiles/cmTC_74acc.dir/link.txt --verbose=1
/usr/bin/cc     -v -rdynamic CMakeFiles/cmTC_74acc.dir/CMakeCCompilerABI.c.o  -o cmTC_74acc 
Using built-in specs.
COLLECT_GCC=/usr/bin/cc
COLLECT_LTO_WRAPPER=/usr/lib/gcc/x86_64-linux-gnu/7/lto-wrapper
OFFLOAD_TARGET_NAMES=nvptx-none
OFFLOAD_TARGET_DEFAULT=1
Target: x86_64-linux-gnu
Configured with: ../src/configure -v --with-pkgversion='Ubuntu 7.5.0-3ubuntu1~18.04' --with-bugurl=file:///usr/share/doc/gcc-7/README.Bugs --enable-languages=c,ada,c++,go,brig,d,fortran,objc,obj-c++ --prefix=/usr --with-gcc-major-version-only --program-suffix=-7 --program-prefix=x86_64-linux-gnu- --enable-shared --enable-linker-build-id --libexecdir=/usr/lib --without-included-gettext --enable-threads=posix --libdir=/usr/lib --enable-nls --enable-bootstrap --enable-clocale=gnu --enable-libstdcxx-debug --enable-libstdcxx-time=yes --with-default-libstdcxx-abi=new --enable-gnu-unique-object --disable-vtable-verify --enable-libmpx --enable-plugin --enable-default-pie --with-system-zlib --with-target-system-zlib --enable-objc-gc=auto --enable-multiarch --disable-werror --with-arch-32=i686 --with-abi=m64 --with-multilib-list=m32,m64,mx32 --enable-multilib --with-tune=generic --enable-offload-targets=nvptx-none --without-cuda-driver --enable-checking=release --build=x86_64-linux-gnu --host=x86_64-linux-gnu --target=x86_64-linux-gnu
Thread model: posix
gcc version 7.5.0 (Ubuntu 7.5.0-3ubuntu1~18.04) 
COMPILER_PATH=/usr/lib/gcc/x86_64-linux-gnu/7/:/usr/lib/gcc/x86_64-linux-gnu/7/:/usr/lib/gcc/x86_64-linux-gnu/:/usr/lib/gcc/x86_64-linux-gnu/7/:/usr/lib/gcc/x86_64-linux-gnu/
LIBRARY_PATH=/usr/lib/gcc/x86_64-linux-gnu/7/:/usr/lib/gcc/x86_64-linux-gnu/7/../../../x86_64-linux-gnu/:/usr/lib/gcc/x86_64-linux-gnu/7/../../../../lib/:/lib/x86_64-linux-gnu/:/lib/../lib/:/usr/lib/x86_64-linux-gnu/:/usr/lib/../lib/:/usr/lib/gcc/x86_64-linux-gnu/7/../../../:/lib/:/usr/lib/
COLLECT_GCC_OPTIONS='-v' '-rdynamic' '-o' 'cmTC_74acc' '-mtune=generic' '-march=x86-64'
 /usr/lib/gcc/x86_64-linux-gnu/7/collect2 -plugin /usr/lib/gcc/x86_64-linux-gnu/7/liblto_plugin.so -plugin-opt=/usr/lib/gcc/x86_64-linux-gnu/7/lto-wrapper -plugin-opt=-fresolution=/tmp/ccj9tbvs.res -plugin-opt=-pass-through=-lgcc -plugin-opt=-pass-through=-lgcc_s -plugin-opt=-pass-through=-lc -plugin-opt=-pass-through=-lgcc -plugin-opt=-pass-through=-lgcc_s --build-id --eh-frame-hdr -m elf_x86_64 --hash-style=gnu --as-needed -export-dynamic -dynamic-linker /lib64/ld-linux-x86-64.so.2 -pie -z now -z relro -o cmTC_74acc /usr/lib/gcc/x86_64-linux-gnu/7/../../../x86_64-linux-gnu/Scrt1.o /usr/lib/gcc/x86_64-linux-gnu/7/../../../x86_64-linux-gnu/crti.o /usr/lib/gcc/x86_64-linux-gnu/7/crtbeginS.o -L/usr/lib/gcc/x86_64-linux-gnu/7 -L/usr/lib/gcc/x86_64-linux-gnu/7/../../../x86_64-linux-gnu -L/usr/lib/gcc/x86_64-linux-gnu/7/../../../../lib -L/lib/x86_64-linux-gnu -L/lib/../lib -L/usr/lib/x86_64-linux-gnu -L/usr/lib/../lib -L/usr/lib/gcc/x86_64-linux-gnu/7/../../.. CMakeFiles/cmTC_74acc.dir/CMakeCCompilerABI.c.o -lgcc --push-state --as-needed -lgcc_s --pop-state -lc -lgcc --push-state --as-needed -lgcc_s --pop-state /usr/lib/gcc/x86_64-linux-gnu/7/crtendS.o /usr/lib/gcc/x86_64-linux-gnu/7/../../../x86_64-linux-gnu/crtn.o
COLLECT_GCC_OPTIONS='-v' '-rdynamic' '-o' 'cmTC_74acc' '-mtune=generic' '-march=x86-64'
make[1]: Leaving directory '/build/KLEE/CMakeFiles/CMakeTmp'


Parsed C implicit link information from above output:
  link line regex: [^( *|.*[/\])(ld|CMAKE_LINK_STARTFILE-NOTFOUND|([^/\]+-)?ld|collect2)[^/\]*( |$)]
  ignore line: [Change Dir: /build/KLEE/CMakeFiles/CMakeTmp]
  ignore line: []
  ignore line: [Run Build Command:"/usr/bin/make" "cmTC_74acc/fast"]
  ignore line: [/usr/bin/make -f CMakeFiles/cmTC_74acc.dir/build.make CMakeFiles/cmTC_74acc.dir/build]
  ignore line: [make[1]: Entering directory '/build/KLEE/CMakeFiles/CMakeTmp']
  ignore line: [Building C object CMakeFiles/cmTC_74acc.dir/CMakeCCompilerABI.c.o]
  ignore line: [/usr/bin/cc    -o CMakeFiles/cmTC_74acc.dir/CMakeCCompilerABI.c.o   -c /usr/share/cmake-3.10/Modules/CMakeCCompilerABI.c]
  ignore line: [Linking C executable cmTC_74acc]
  ignore line: [/usr/bin/cmake -E cmake_link_script CMakeFiles/cmTC_74acc.dir/link.txt --verbose=1]
  ignore line: [/usr/bin/cc     -v -rdynamic CMakeFiles/cmTC_74acc.dir/CMakeCCompilerABI.c.o  -o cmTC_74acc ]
  ignore line: [Using built-in specs.]
  ignore line: [COLLECT_GCC=/usr/bin/cc]
  ignore line: [COLLECT_LTO_WRAPPER=/usr/lib/gcc/x86_64-linux-gnu/7/lto-wrapper]
  ignore line: [OFFLOAD_TARGET_NAMES=nvptx-none]
  ignore line: [OFFLOAD_TARGET_DEFAULT=1]
  ignore line: [Target: x86_64-linux-gnu]
  ignore line: [Configured with: ../src/configure -v --with-pkgversion='Ubuntu 7.5.0-3ubuntu1~18.04' --with-bugurl=file:///usr/share/doc/gcc-7/README.Bugs --enable-languages=c,ada,c++,go,brig,d,fortran,objc,obj-c++ --prefix=/usr --with-gcc-major-version-only --program-suffix=-7 --program-prefix=x86_64-linux-gnu- --enable-shared --enable-linker-build-id --libexecdir=/usr/lib --without-included-gettext --enable-threads=posix --libdir=/usr/lib --enable-nls --enable-bootstrap --enable-clocale=gnu --enable-libstdcxx-debug --enable-libstdcxx-time=yes --with-default-libstdcxx-abi=new --enable-gnu-unique-object --disable-vtable-verify --enable-libmpx --enable-plugin --enable-default-pie --with-system-zlib --with-target-system-zlib --enable-objc-gc=auto --enable-multiarch --disable-werror --with-arch-32=i686 --with-abi=m64 --with-multilib-list=m32,m64,mx32 --enable-multilib --with-tune=generic --enable-offload-targets=nvptx-none --without-cuda-driver --enable-checking=release --build=x86_64-linux-gnu --host=x86_64-linux-gnu --target=x86_64-linux-gnu]
  ignore line: [Thread model: posix]
  ignore line: [gcc version 7.5.0 (Ubuntu 7.5.0-3ubuntu1~18.04) ]
  ignore line: [COMPILER_PATH=/usr/lib/gcc/x86_64-linux-gnu/7/:/usr/lib/gcc/x86_64-linux-gnu/7/:/usr/lib/gcc/x86_64-linux-gnu/:/usr/lib/gcc/x86_64-linux-gnu/7/:/usr/lib/gcc/x86_64-linux-gnu/]
  ignore line: [LIBRARY_PATH=/usr/lib/gcc/x86_64-linux-gnu/7/:/usr/lib/gcc/x86_64-linux-gnu/7/../../../x86_64-linux-gnu/:/usr/lib/gcc/x86_64-linux-gnu/7/../../../../lib/:/lib/x86_64-linux-gnu/:/lib/../lib/:/usr/lib/x86_64-linux-gnu/:/usr/lib/../lib/:/usr/lib/gcc/x86_64-linux-gnu/7/../../../:/lib/:/usr/lib/]
  ignore line: [COLLECT_GCC_OPTIONS='-v' '-rdynamic' '-o' 'cmTC_74acc' '-mtune=generic' '-march=x86-64']
  link line: [ /usr/lib/gcc/x86_64-linux-gnu/7/collect2 -plugin /usr/lib/gcc/x86_64-linux-gnu/7/liblto_plugin.so -plugin-opt=/usr/lib/gcc/x86_64-linux-gnu/7/lto-wrapper -plugin-opt=-fresolution=/tmp/ccj9tbvs.res -plugin-opt=-pass-through=-lgcc -plugin-opt=-pass-through=-lgcc_s -plugin-opt=-pass-through=-lc -plugin-opt=-pass-through=-lgcc -plugin-opt=-pass-through=-lgcc_s --build-id --eh-frame-hdr -m elf_x86_64 --hash-style=gnu --as-needed -export-dynamic -dynamic-linker /lib64/ld-linux-x86-64.so.2 -pie -z now -z relro -o cmTC_74acc /usr/lib/gcc/x86_64-linux-gnu/7/../../../x86_64-linux-gnu/Scrt1.o /usr/lib/gcc/x86_64-linux-gnu/7/../../../x86_64-linux-gnu/crti.o /usr/lib/gcc/x86_64-linux-gnu/7/crtbeginS.o -L/usr/lib/gcc/x86_64-linux-gnu/7 -L/usr/lib/gcc/x86_64-linux-gnu/7/../../../x86_64-linux-gnu -L/usr/lib/gcc/x86_64-linux-gnu/7/../../../../lib -L/lib/x86_64-linux-gnu -L/lib/../lib -L/usr/lib/x86_64-linux-gnu -L/usr/lib/../lib -L/usr/lib/gcc/x86_64-linux-gnu/7/../../.. CMakeFiles/cmTC_74acc.dir/CMakeCCompilerABI.c.o -lgcc --push-state --as-needed -lgcc_s --pop-state -lc -lgcc --push-state --as-needed -lgcc_s --pop-state /usr/lib/gcc/x86_64-linux-gnu/7/crtendS.o /usr/lib/gcc/x86_64-linux-gnu/7/../../../x86_64-linux-gnu/crtn.o]
    arg [/usr/lib/gcc/x86_64-linux-gnu/7/collect2] ==> ignore
    arg [-plugin] ==> ignore
    arg [/usr/lib/gcc/x86_64-linux-gnu/7/liblto_plugin.so] ==> ignore
    arg [-plugin-opt=/usr/lib/gcc/x86_64-linux-gnu/7/lto-wrapper] ==> ignore
    arg [-plugin-opt=-fresolution=/tmp/ccj9tbvs.res] ==> ignore
    arg [-plugin-opt=-pass-through=-lgcc] ==> ignore
    arg [-plugin-opt=-pass-through=-lgcc_s] ==> ignore
    arg [-plugin-opt=-pass-through=-lc] ==> ignore
    arg [-plugin-opt=-pass-through=-lgcc] ==> ignore
    arg [-plugin-opt=-pass-through=-lgcc_s] ==> ignore
    arg [--build-id] ==> ignore
    arg [--eh-frame-hdr] ==> ignore
    arg [-m] ==> ignore
    arg [elf_x86_64] ==> ignore
    arg [--hash-style=gnu] ==> ignore
    arg [--as-needed] ==> ignore
    arg [-export-dynamic] ==> ignore
    arg [-dynamic-linker] ==> ignore
    arg [/lib64/ld-linux-x86-64.so.2] ==> ignore
    arg [-pie] ==> ignore
    arg [-znow] ==> ignore
    arg [-zrelro] ==> ignore
    arg [-o] ==> ignore
    arg [cmTC_74acc] ==> ignore
    arg [/usr/lib/gcc/x86_64-linux-gnu/7/../../../x86_64-linux-gnu/Scrt1.o] ==> ignore
    arg [/usr/lib/gcc/x86_64-linux-gnu/7/../../../x86_64-linux-gnu/crti.o] ==> ignore
    arg [/usr/lib/gcc/x86_64-linux-gnu/7/crtbeginS.o] ==> ignore
    arg [-L/usr/lib/gcc/x86_64-linux-gnu/7] ==> dir [/usr/lib/gcc/x86_64-linux-gnu/7]
    arg [-L/usr/lib/gcc/x86_64-linux-gnu/7/../../../x86_64-linux-gnu] ==> dir [/usr/lib/gcc/x86_64-linux-gnu/7/../../../x86_64-linux-gnu]
    arg [-L/usr/lib/gcc/x86_64-linux-gnu/7/../../../../lib] ==> dir [/usr/lib/gcc/x86_64-linux-gnu/7/../../../../lib]
    arg [-L/lib/x86_64-linux-gnu] ==> dir [/lib/x86_64-linux-gnu]
    arg [-L/lib/../lib] ==> dir [/lib/../lib]
    arg [-L/usr/lib/x86_64-linux-gnu] ==> dir [/usr/lib/x86_64-linux-gnu]
    arg [-L/usr/lib/../lib] ==> dir [/usr/lib/../lib]
    arg [-L/usr/lib/gcc/x86_64-linux-gnu/7/../../..] ==> dir [/usr/lib/gcc/x86_64-linux-gnu/7/../../..]
    arg [CMakeFiles/cmTC_74acc.dir/CMakeCCompilerABI.c.o] ==> ignore
    arg [-lgcc] ==> lib [gcc]
    arg [--push-state] ==> ignore
    arg [--as-needed] ==> ignore
    arg [-lgcc_s] ==> lib [gcc_s]
    arg [--pop-state] ==> ignore
    arg [-lc] ==> lib [c]
    arg [-lgcc] ==> lib [gcc]
    arg [--push-state] ==> ignore
    arg [--as-needed] ==> ignore
    arg [-lgcc_s] ==> lib [gcc_s]
    arg [--pop-state] ==> ignore
    arg [/usr/lib/gcc/x86_64-linux-gnu/7/crtendS.o] ==> ignore
    arg [/usr/lib/gcc/x86_64-linux-gnu/7/../../../x86_64-linux-gnu/crtn.o] ==> ignore
  collapse library dir [/usr/lib/gcc/x86_64-linux-gnu/7] ==> [/usr/lib/gcc/x86_64-linux-gnu/7]
  collapse library dir [/usr/lib/gcc/x86_64-linux-gnu/7/../../../x86_64-linux-gnu] ==> [/usr/lib/x86_64-linux-gnu]
  collapse library dir [/usr/lib/gcc/x86_64-linux-gnu/7/../../../../lib] ==> [/usr/lib]
  collapse library dir [/lib/x86_64-linux-gnu] ==> [/lib/x86_64-linux-gnu]
  collapse library dir [/lib/../lib] ==> [/lib]
  collapse library dir [/usr/lib/x86_64-linux-gnu] ==> [/usr/lib/x86_64-linux-gnu]
  collapse library dir [/usr/lib/../lib] ==> [/usr/lib]
  collapse library dir [/usr/lib/gcc/x86_64-linux-gnu/7/../../..] ==> [/usr/lib]
  implicit libs: [gcc;gcc_s;c;gcc;gcc_s]
  implicit dirs: [/usr/lib/gcc/x86_64-linux-gnu/7;/usr/lib/x86_64-linux-gnu;/usr/lib;/lib/x86_64-linux-gnu;/lib]
  implicit fwks: []




Detecting C [-std=c11] compiler features compiled with the following output:
Change Dir: /build/KLEE/CMakeFiles/CMakeTmp

Run Build Command:"/usr/bin/make" "cmTC_a5b0c/fast"
/usr/bin/make -f CMakeFiles/cmTC_a5b0c.dir/build.make CMakeFiles/cmTC_a5b0c.dir/build
make[1]: Entering directory '/build/KLEE/CMakeFiles/CMakeTmp'
Building C object CMakeFiles/cmTC_a5b0c.dir/feature_tests.c.o
/usr/bin/cc   -std=c11 -o CMakeFiles/cmTC_a5b0c.dir/feature_tests.c.o   -c /build/KLEE/CMakeFiles/feature_tests.c
Linking C executable cmTC_a5b0c
/usr/bin/cmake -E cmake_link_script CMakeFiles/cmTC_a5b0c.dir/link.txt --verbose=1
/usr/bin/cc      -rdynamic CMakeFiles/cmTC_a5b0c.dir/feature_tests.c.o  -o cmTC_a5b0c 
make[1]: Leaving directory '/build/KLEE/CMakeFiles/CMakeTmp'


    Feature record: C_FEATURE:1c_function_prototypes
    Feature record: C_FEATURE:1c_restrict
    Feature record: C_FEATURE:1c_static_assert
    Feature record: C_FEATURE:1c_variadic_macros


Detecting C [-std=c99] compiler features compiled with the following output:
Change Dir: /build/KLEE/CMakeFiles/CMakeTmp

Run Build Command:"/usr/bin/make" "cmTC_1ad58/fast"
/usr/bin/make -f CMakeFiles/cmTC_1ad58.dir/build.make CMakeFiles/cmTC_1ad58.dir/build
make[1]: Entering directory '/build/KLEE/CMakeFiles/CMakeTmp'
Building C object CMakeFiles/cmTC_1ad58.dir/feature_tests.c.o
/usr/bin/cc   -std=c99 -o CMakeFiles/cmTC_1ad58.dir/feature_tests.c.o   -c /build/KLEE/CMakeFiles/feature_tests.c
Linking C executable cmTC_1ad58
/usr/bin/cmake -E cmake_link_script CMakeFiles/cmTC_1ad58.dir/link.txt --verbose=1
/usr/bin/cc      -rdynamic CMakeFiles/cmTC_1ad58.dir/feature_tests.c.o  -o cmTC_1ad58 
make[1]: Leaving directory '/build/KLEE/CMakeFiles/CMakeTmp'


    Feature record: C_FEATURE:1c_function_prototypes
    Feature record: C_FEATURE:1c_restrict
    Feature record: C_FEATURE:0c_static_assert
    Feature record: C_FEATURE:1c_variadic_macros


Detecting C [-std=c90] compiler features compiled with the following output:
Change Dir: /build/KLEE/CMakeFiles/CMakeTmp

Run Build Command:"/usr/bin/make" "cmTC_93b24/fast"
/usr/bin/make -f CMakeFiles/cmTC_93b24.dir/build.make CMakeFiles/cmTC_93b24.dir/build
make[1]: Entering directory '/build/KLEE/CMakeFiles/CMakeTmp'
Building C object CMakeFiles/cmTC_93b24.dir/feature_tests.c.o
/usr/bin/cc   -std=c90 -o CMakeFiles/cmTC_93b24.dir/feature_tests.c.o   -c /build/KLEE/CMakeFiles/feature_tests.c
Linking C executable cmTC_93b24
/usr/bin/cmake -E cmake_link_script CMakeFiles/cmTC_93b24.dir/link.txt --verbose=1
/usr/bin/cc      -rdynamic CMakeFiles/cmTC_93b24.dir/feature_tests.c.o  -o cmTC_93b24 
make[1]: Leaving directory '/build/KLEE/CMakeFiles/CMakeTmp'


    Feature record: C_FEATURE:1c_function_prototypes
    Feature record: C_FEATURE:0c_restrict
    Feature record: C_FEATURE:0c_static_assert
    Feature record: C_FEATURE:0c_variadic_macros
Performing C++ SOURCE FILE Test HAS__Wall_CXX succeeded with the following output:
Change Dir: /build/KLEE/CMakeFiles/CMakeTmp

Run Build Command:"/usr/bin/make" "cmTC_281c4/fast"
/usr/bin/make -f CMakeFiles/cmTC_281c4.dir/build.make CMakeFiles/cmTC_281c4.dir/build
make[1]: Entering directory '/build/KLEE/CMakeFiles/CMakeTmp'
Building CXX object CMakeFiles/cmTC_281c4.dir/src.cxx.o
/usr/bin/c++    -DHAS__Wall_CXX   -Wall -o CMakeFiles/cmTC_281c4.dir/src.cxx.o -c /build/KLEE/CMakeFiles/CMakeTmp/src.cxx
Linking CXX executable cmTC_281c4
/usr/bin/cmake -E cmake_link_script CMakeFiles/cmTC_281c4.dir/link.txt --verbose=1
/usr/bin/c++   -DHAS__Wall_CXX    -rdynamic CMakeFiles/cmTC_281c4.dir/src.cxx.o  -o cmTC_281c4 
make[1]: Leaving directory '/build/KLEE/CMakeFiles/CMakeTmp'

Source file was:
int main() { return 0; }
Performing C++ SOURCE FILE Test HAS__Wextra_CXX succeeded with the following output:
Change Dir: /build/KLEE/CMakeFiles/CMakeTmp

Run Build Command:"/usr/bin/make" "cmTC_0bb4a/fast"
/usr/bin/make -f CMakeFiles/cmTC_0bb4a.dir/build.make CMakeFiles/cmTC_0bb4a.dir/build
make[1]: Entering directory '/build/KLEE/CMakeFiles/CMakeTmp'
Building CXX object CMakeFiles/cmTC_0bb4a.dir/src.cxx.o
/usr/bin/c++    -Wall -DHAS__Wextra_CXX   -Wextra -o CMakeFiles/cmTC_0bb4a.dir/src.cxx.o -c /build/KLEE/CMakeFiles/CMakeTmp/src.cxx
Linking CXX executable cmTC_0bb4a
/usr/bin/cmake -E cmake_link_script CMakeFiles/cmTC_0bb4a.dir/link.txt --verbose=1
/usr/bin/c++   -Wall -DHAS__Wextra_CXX    -rdynamic CMakeFiles/cmTC_0bb4a.dir/src.cxx.o  -o cmTC_0bb4a 
make[1]: Leaving directory '/build/KLEE/CMakeFiles/CMakeTmp'

Source file was:
int main() { return 0; }
Performing C++ SOURCE FILE Test HAS__Wno_unused_parameter_CXX succeeded with the following output:
Change Dir: /build/KLEE/CMakeFiles/CMakeTmp

Run Build Command:"/usr/bin/make" "cmTC_77b6d/fast"
/usr/bin/make -f CMakeFiles/cmTC_77b6d.dir/build.make CMakeFiles/cmTC_77b6d.dir/build
make[1]: Entering directory '/build/KLEE/CMakeFiles/CMakeTmp'
Building CXX object CMakeFiles/cmTC_77b6d.dir/src.cxx.o
/usr/bin/c++    -Wall -Wextra -DHAS__Wno_unused_parameter_CXX   -Wno-unused-parameter -o CMakeFiles/cmTC_77b6d.dir/src.cxx.o -c /build/KLEE/CMakeFiles/CMakeTmp/src.cxx
Linking CXX executable cmTC_77b6d
/usr/bin/cmake -E cmake_link_script CMakeFiles/cmTC_77b6d.dir/link.txt --verbose=1
/usr/bin/c++   -Wall -Wextra -DHAS__Wno_unused_parameter_CXX    -rdynamic CMakeFiles/cmTC_77b6d.dir/src.cxx.o  -o cmTC_77b6d 
make[1]: Leaving directory '/build/KLEE/CMakeFiles/CMakeTmp'

Source file was:
int main() { return 0; }
Performing C SOURCE FILE Test HAS__Wall_C succeeded with the following output:
Change Dir: /build/KLEE/CMakeFiles/CMakeTmp

Run Build Command:"/usr/bin/make" "cmTC_299d2/fast"
/usr/bin/make -f CMakeFiles/cmTC_299d2.dir/build.make CMakeFiles/cmTC_299d2.dir/build
make[1]: Entering directory '/build/KLEE/CMakeFiles/CMakeTmp'
Building C object CMakeFiles/cmTC_299d2.dir/src.c.o
/usr/bin/cc   -DHAS__Wall_C   -Wall -o CMakeFiles/cmTC_299d2.dir/src.c.o   -c /build/KLEE/CMakeFiles/CMakeTmp/src.c
Linking C executable cmTC_299d2
/usr/bin/cmake -E cmake_link_script CMakeFiles/cmTC_299d2.dir/link.txt --verbose=1
/usr/bin/cc  -DHAS__Wall_C    -rdynamic CMakeFiles/cmTC_299d2.dir/src.c.o  -o cmTC_299d2 
make[1]: Leaving directory '/build/KLEE/CMakeFiles/CMakeTmp'

Source file was:
int main(void) { return 0; }
Performing C SOURCE FILE Test HAS__Wextra_C succeeded with the following output:
Change Dir: /build/KLEE/CMakeFiles/CMakeTmp

Run Build Command:"/usr/bin/make" "cmTC_d4618/fast"
/usr/bin/make -f CMakeFiles/cmTC_d4618.dir/build.make CMakeFiles/cmTC_d4618.dir/build
make[1]: Entering directory '/build/KLEE/CMakeFiles/CMakeTmp'
Building C object CMakeFiles/cmTC_d4618.dir/src.c.o
/usr/bin/cc   -Wall -DHAS__Wextra_C   -Wextra -o CMakeFiles/cmTC_d4618.dir/src.c.o   -c /build/KLEE/CMakeFiles/CMakeTmp/src.c
Linking C executable cmTC_d4618
/usr/bin/cmake -E cmake_link_script CMakeFiles/cmTC_d4618.dir/link.txt --verbose=1
/usr/bin/cc  -Wall -DHAS__Wextra_C    -rdynamic CMakeFiles/cmTC_d4618.dir/src.c.o  -o cmTC_d4618 
make[1]: Leaving directory '/build/KLEE/CMakeFiles/CMakeTmp'

Source file was:
int main(void) { return 0; }
Performing C SOURCE FILE Test HAS__Wno_unused_parameter_C succeeded with the following output:
Change Dir: /build/KLEE/CMakeFiles/CMakeTmp

Run Build Command:"/usr/bin/make" "cmTC_fa931/fast"
/usr/bin/make -f CMakeFiles/cmTC_fa931.dir/build.make CMakeFiles/cmTC_fa931.dir/build
make[1]: Entering directory '/build/KLEE/CMakeFiles/CMakeTmp'
Building C object CMakeFiles/cmTC_fa931.dir/src.c.o
/usr/bin/cc   -Wall -Wextra -DHAS__Wno_unused_parameter_C   -Wno-unused-parameter -o CMakeFiles/cmTC_fa931.dir/src.c.o   -c /build/KLEE/CMakeFiles/CMakeTmp/src.c
Linking C executable cmTC_fa931
/usr/bin/cmake -E cmake_link_script CMakeFiles/cmTC_fa931.dir/link.txt --verbose=1
/usr/bin/cc  -Wall -Wextra -DHAS__Wno_unused_parameter_C    -rdynamic CMakeFiles/cmTC_fa931.dir/src.c.o  -o cmTC_fa931 
make[1]: Leaving directory '/build/KLEE/CMakeFiles/CMakeTmp'

Source file was:
int main(void) { return 0; }
Performing C++ SOURCE FILE Test HAS__fno_exceptions succeeded with the following output:
Change Dir: /build/KLEE/CMakeFiles/CMakeTmp

Run Build Command:"/usr/bin/make" "cmTC_cf357/fast"
/usr/bin/make -f CMakeFiles/cmTC_cf357.dir/build.make CMakeFiles/cmTC_cf357.dir/build
make[1]: Entering directory '/build/KLEE/CMakeFiles/CMakeTmp'
Building CXX object CMakeFiles/cmTC_cf357.dir/src.cxx.o
/usr/bin/c++    -Wall -Wextra -Wno-unused-parameter -DHAS__fno_exceptions   -fno-exceptions -o CMakeFiles/cmTC_cf357.dir/src.cxx.o -c /build/KLEE/CMakeFiles/CMakeTmp/src.cxx
Linking CXX executable cmTC_cf357
/usr/bin/cmake -E cmake_link_script CMakeFiles/cmTC_cf357.dir/link.txt --verbose=1
/usr/bin/c++   -Wall -Wextra -Wno-unused-parameter -DHAS__fno_exceptions    -rdynamic CMakeFiles/cmTC_cf357.dir/src.cxx.o  -o cmTC_cf357 
make[1]: Leaving directory '/build/KLEE/CMakeFiles/CMakeTmp'

Source file was:
int main() { return 0; }
Determining if the include file gperftools/malloc_extension.h exists passed with the following output:
Change Dir: /build/KLEE/CMakeFiles/CMakeTmp

Run Build Command:"/usr/bin/make" "cmTC_65710/fast"
/usr/bin/make -f CMakeFiles/cmTC_65710.dir/build.make CMakeFiles/cmTC_65710.dir/build
make[1]: Entering directory '/build/KLEE/CMakeFiles/CMakeTmp'
Building CXX object CMakeFiles/cmTC_65710.dir/CheckIncludeFile.cxx.o
/usr/bin/c++    -Wall -Wextra -Wno-unused-parameter    -o CMakeFiles/cmTC_65710.dir/CheckIncludeFile.cxx.o -c /build/KLEE/CMakeFiles/CMakeTmp/CheckIncludeFile.cxx
Linking CXX executable cmTC_65710
/usr/bin/cmake -E cmake_link_script CMakeFiles/cmTC_65710.dir/link.txt --verbose=1
/usr/bin/c++   -Wall -Wextra -Wno-unused-parameter     -rdynamic CMakeFiles/cmTC_65710.dir/CheckIncludeFile.cxx.o  -o cmTC_65710 
make[1]: Leaving directory '/build/KLEE/CMakeFiles/CMakeTmp'


Performing C++ SOURCE FILE Test HAS__fno_builtin_malloc succeeded with the following output:
Change Dir: /build/KLEE/CMakeFiles/CMakeTmp

Run Build Command:"/usr/bin/make" "cmTC_9c483/fast"
/usr/bin/make -f CMakeFiles/cmTC_9c483.dir/build.make CMakeFiles/cmTC_9c483.dir/build
make[1]: Entering directory '/build/KLEE/CMakeFiles/CMakeTmp'
Building CXX object CMakeFiles/cmTC_9c483.dir/src.cxx.o
/usr/bin/c++    -Wall -Wextra -Wno-unused-parameter -DHAS__fno_builtin_malloc   -fno-builtin-malloc -o CMakeFiles/cmTC_9c483.dir/src.cxx.o -c /build/KLEE/CMakeFiles/CMakeTmp/src.cxx
Linking CXX executable cmTC_9c483
/usr/bin/cmake -E cmake_link_script CMakeFiles/cmTC_9c483.dir/link.txt --verbose=1
/usr/bin/c++   -Wall -Wextra -Wno-unused-parameter -DHAS__fno_builtin_malloc    -rdynamic CMakeFiles/cmTC_9c483.dir/src.cxx.o  -o cmTC_9c483 
make[1]: Leaving directory '/build/KLEE/CMakeFiles/CMakeTmp'

Source file was:
int main() { return 0; }
Performing C++ SOURCE FILE Test HAS__fno_builtin_calloc succeeded with the following output:
Change Dir: /build/KLEE/CMakeFiles/CMakeTmp

Run Build Command:"/usr/bin/make" "cmTC_44bc8/fast"
/usr/bin/make -f CMakeFiles/cmTC_44bc8.dir/build.make CMakeFiles/cmTC_44bc8.dir/build
make[1]: Entering directory '/build/KLEE/CMakeFiles/CMakeTmp'
Building CXX object CMakeFiles/cmTC_44bc8.dir/src.cxx.o
/usr/bin/c++    -Wall -Wextra -Wno-unused-parameter -DHAS__fno_builtin_calloc   -fno-builtin-calloc -o CMakeFiles/cmTC_44bc8.dir/src.cxx.o -c /build/KLEE/CMakeFiles/CMakeTmp/src.cxx
Linking CXX executable cmTC_44bc8
/usr/bin/cmake -E cmake_link_script CMakeFiles/cmTC_44bc8.dir/link.txt --verbose=1
/usr/bin/c++   -Wall -Wextra -Wno-unused-parameter -DHAS__fno_builtin_calloc    -rdynamic CMakeFiles/cmTC_44bc8.dir/src.cxx.o  -o cmTC_44bc8 
make[1]: Leaving directory '/build/KLEE/CMakeFiles/CMakeTmp'

Source file was:
int main() { return 0; }
Performing C++ SOURCE FILE Test HAS__fno_builtin_realloc succeeded with the following output:
Change Dir: /build/KLEE/CMakeFiles/CMakeTmp

Run Build Command:"/usr/bin/make" "cmTC_dc63c/fast"
/usr/bin/make -f CMakeFiles/cmTC_dc63c.dir/build.make CMakeFiles/cmTC_dc63c.dir/build
make[1]: Entering directory '/build/KLEE/CMakeFiles/CMakeTmp'
Building CXX object CMakeFiles/cmTC_dc63c.dir/src.cxx.o
/usr/bin/c++    -Wall -Wextra -Wno-unused-parameter -DHAS__fno_builtin_realloc   -fno-builtin-realloc -o CMakeFiles/cmTC_dc63c.dir/src.cxx.o -c /build/KLEE/CMakeFiles/CMakeTmp/src.cxx
Linking CXX executable cmTC_dc63c
/usr/bin/cmake -E cmake_link_script CMakeFiles/cmTC_dc63c.dir/link.txt --verbose=1
/usr/bin/c++   -Wall -Wextra -Wno-unused-parameter -DHAS__fno_builtin_realloc    -rdynamic CMakeFiles/cmTC_dc63c.dir/src.cxx.o  -o cmTC_dc63c 
make[1]: Leaving directory '/build/KLEE/CMakeFiles/CMakeTmp'

Source file was:
int main() { return 0; }
Performing C++ SOURCE FILE Test HAS__fno_builtin_free succeeded with the following output:
Change Dir: /build/KLEE/CMakeFiles/CMakeTmp

Run Build Command:"/usr/bin/make" "cmTC_64287/fast"
/usr/bin/make -f CMakeFiles/cmTC_64287.dir/build.make CMakeFiles/cmTC_64287.dir/build
make[1]: Entering directory '/build/KLEE/CMakeFiles/CMakeTmp'
Building CXX object CMakeFiles/cmTC_64287.dir/src.cxx.o
/usr/bin/c++    -Wall -Wextra -Wno-unused-parameter -DHAS__fno_builtin_free   -fno-builtin-free -o CMakeFiles/cmTC_64287.dir/src.cxx.o -c /build/KLEE/CMakeFiles/CMakeTmp/src.cxx
Linking CXX executable cmTC_64287
/usr/bin/cmake -E cmake_link_script CMakeFiles/cmTC_64287.dir/link.txt --verbose=1
/usr/bin/c++   -Wall -Wextra -Wno-unused-parameter -DHAS__fno_builtin_free    -rdynamic CMakeFiles/cmTC_64287.dir/src.cxx.o  -o cmTC_64287 
make[1]: Leaving directory '/build/KLEE/CMakeFiles/CMakeTmp'

Source file was:
int main() { return 0; }
Determining if the include file pty.h exists passed with the following output:
Change Dir: /build/KLEE/CMakeFiles/CMakeTmp

Run Build Command:"/usr/bin/make" "cmTC_14ba3/fast"
/usr/bin/make -f CMakeFiles/cmTC_14ba3.dir/build.make CMakeFiles/cmTC_14ba3.dir/build
make[1]: Entering directory '/build/KLEE/CMakeFiles/CMakeTmp'
Building C object CMakeFiles/cmTC_14ba3.dir/CheckIncludeFile.c.o
/usr/bin/cc   -Wall -Wextra -Wno-unused-parameter    -o CMakeFiles/cmTC_14ba3.dir/CheckIncludeFile.c.o   -c /build/KLEE/CMakeFiles/CMakeTmp/CheckIncludeFile.c
Linking C executable cmTC_14ba3
/usr/bin/cmake -E cmake_link_script CMakeFiles/cmTC_14ba3.dir/link.txt --verbose=1
/usr/bin/cc  -Wall -Wextra -Wno-unused-parameter     -rdynamic CMakeFiles/cmTC_14ba3.dir/CheckIncludeFile.c.o  -o cmTC_14ba3 
make[1]: Leaving directory '/build/KLEE/CMakeFiles/CMakeTmp'


Determining if the function openpty exists in the util passed with the following output:
Change Dir: /build/KLEE/CMakeFiles/CMakeTmp

Run Build Command:"/usr/bin/make" "cmTC_bf3aa/fast"
/usr/bin/make -f CMakeFiles/cmTC_bf3aa.dir/build.make CMakeFiles/cmTC_bf3aa.dir/build
make[1]: Entering directory '/build/KLEE/CMakeFiles/CMakeTmp'
Building C object CMakeFiles/cmTC_bf3aa.dir/CheckFunctionExists.c.o
/usr/bin/cc   -Wall -Wextra -Wno-unused-parameter -DCHECK_FUNCTION_EXISTS=openpty   -o CMakeFiles/cmTC_bf3aa.dir/CheckFunctionExists.c.o   -c /usr/share/cmake-3.10/Modules/CheckFunctionExists.c
Linking C executable cmTC_bf3aa
/usr/bin/cmake -E cmake_link_script CMakeFiles/cmTC_bf3aa.dir/link.txt --verbose=1
/usr/bin/cc  -Wall -Wextra -Wno-unused-parameter -DCHECK_FUNCTION_EXISTS=openpty    -rdynamic CMakeFiles/cmTC_bf3aa.dir/CheckFunctionExists.c.o  -o cmTC_bf3aa -lutil 
make[1]: Leaving directory '/build/KLEE/CMakeFiles/CMakeTmp'


Determining if the __ctype_b_loc exist passed with the following output:
Change Dir: /build/KLEE/CMakeFiles/CMakeTmp

Run Build Command:"/usr/bin/make" "cmTC_d3b50/fast"
/usr/bin/make -f CMakeFiles/cmTC_d3b50.dir/build.make CMakeFiles/cmTC_d3b50.dir/build
make[1]: Entering directory '/build/KLEE/CMakeFiles/CMakeTmp'
Building CXX object CMakeFiles/cmTC_d3b50.dir/CheckSymbolExists.cxx.o
/usr/bin/c++    -Wall -Wextra -Wno-unused-parameter    -o CMakeFiles/cmTC_d3b50.dir/CheckSymbolExists.cxx.o -c /build/KLEE/CMakeFiles/CMakeTmp/CheckSymbolExists.cxx
Linking CXX executable cmTC_d3b50
/usr/bin/cmake -E cmake_link_script CMakeFiles/cmTC_d3b50.dir/link.txt --verbose=1
/usr/bin/c++   -Wall -Wextra -Wno-unused-parameter     -rdynamic CMakeFiles/cmTC_d3b50.dir/CheckSymbolExists.cxx.o  -o cmTC_d3b50 
make[1]: Leaving directory '/build/KLEE/CMakeFiles/CMakeTmp'

File /build/KLEE/CMakeFiles/CMakeTmp/CheckSymbolExists.cxx:
/* */
#include <ctype.h>

int main(int argc, char** argv)
{
  (void)argv;
#ifndef __ctype_b_loc
  return ((int*)(&__ctype_b_loc))[argc];
#else
  (void)argc;
  return 0;
#endif
}

Determining if the mallinfo exist passed with the following output:
Change Dir: /build/KLEE/CMakeFiles/CMakeTmp

Run Build Command:"/usr/bin/make" "cmTC_47eff/fast"
/usr/bin/make -f CMakeFiles/cmTC_47eff.dir/build.make CMakeFiles/cmTC_47eff.dir/build
make[1]: Entering directory '/build/KLEE/CMakeFiles/CMakeTmp'
Building CXX object CMakeFiles/cmTC_47eff.dir/CheckSymbolExists.cxx.o
/usr/bin/c++    -Wall -Wextra -Wno-unused-parameter    -o CMakeFiles/cmTC_47eff.dir/CheckSymbolExists.cxx.o -c /build/KLEE/CMakeFiles/CMakeTmp/CheckSymbolExists.cxx
Linking CXX executable cmTC_47eff
/usr/bin/cmake -E cmake_link_script CMakeFiles/cmTC_47eff.dir/link.txt --verbose=1
/usr/bin/c++   -Wall -Wextra -Wno-unused-parameter     -rdynamic CMakeFiles/cmTC_47eff.dir/CheckSymbolExists.cxx.o  -o cmTC_47eff 
make[1]: Leaving directory '/build/KLEE/CMakeFiles/CMakeTmp'

File /build/KLEE/CMakeFiles/CMakeTmp/CheckSymbolExists.cxx:
/* */
#include <malloc.h>

int main(int argc, char** argv)
{
  (void)argv;
#ifndef mallinfo
  return ((int*)(&mallinfo))[argc];
#else
  (void)argc;
  return 0;
#endif
}

Determining if the include file sys/statfs.h exists passed with the following output:
Change Dir: /build/KLEE/CMakeFiles/CMakeTmp

Run Build Command:"/usr/bin/make" "cmTC_7de66/fast"
/usr/bin/make -f CMakeFiles/cmTC_7de66.dir/build.make CMakeFiles/cmTC_7de66.dir/build
make[1]: Entering directory '/build/KLEE/CMakeFiles/CMakeTmp'
Building C object CMakeFiles/cmTC_7de66.dir/CheckIncludeFile.c.o
/usr/bin/cc   -Wall -Wextra -Wno-unused-parameter    -o CMakeFiles/cmTC_7de66.dir/CheckIncludeFile.c.o   -c /build/KLEE/CMakeFiles/CMakeTmp/CheckIncludeFile.c
Linking C executable cmTC_7de66
/usr/bin/cmake -E cmake_link_script CMakeFiles/cmTC_7de66.dir/link.txt --verbose=1
/usr/bin/cc  -Wall -Wextra -Wno-unused-parameter     -rdynamic CMakeFiles/cmTC_7de66.dir/CheckIncludeFile.c.o  -o cmTC_7de66 
make[1]: Leaving directory '/build/KLEE/CMakeFiles/CMakeTmp'


Determining if the include file pthread.h exists passed with the following output:
Change Dir: /build/KLEE/CMakeFiles/CMakeTmp

Run Build Command:"/usr/bin/make" "cmTC_5a8ba/fast"
/usr/bin/make -f CMakeFiles/cmTC_5a8ba.dir/build.make CMakeFiles/cmTC_5a8ba.dir/build
make[1]: Entering directory '/build/KLEE/CMakeFiles/CMakeTmp'
Building C object CMakeFiles/cmTC_5a8ba.dir/CheckIncludeFile.c.o
/usr/bin/cc   -Wall -Wextra -Wno-unused-parameter    -o CMakeFiles/cmTC_5a8ba.dir/CheckIncludeFile.c.o   -c /build/KLEE/CMakeFiles/CMakeTmp/CheckIncludeFile.c
Linking C executable cmTC_5a8ba
/usr/bin/cmake -E cmake_link_script CMakeFiles/cmTC_5a8ba.dir/link.txt --verbose=1
/usr/bin/cc  -Wall -Wextra -Wno-unused-parameter     -rdynamic CMakeFiles/cmTC_5a8ba.dir/CheckIncludeFile.c.o  -o cmTC_5a8ba 
make[1]: Leaving directory '/build/KLEE/CMakeFiles/CMakeTmp'


Determining if the function pthread_create exists in the pthread passed with the following output:
Change Dir: /build/KLEE/CMakeFiles/CMakeTmp

Run Build Command:"/usr/bin/make" "cmTC_d10a1/fast"
/usr/bin/make -f CMakeFiles/cmTC_d10a1.dir/build.make CMakeFiles/cmTC_d10a1.dir/build
make[1]: Entering directory '/build/KLEE/CMakeFiles/CMakeTmp'
Building C object CMakeFiles/cmTC_d10a1.dir/CheckFunctionExists.c.o
/usr/bin/cc   -Wall -Wextra -Wno-unused-parameter -DCHECK_FUNCTION_EXISTS=pthread_create   -o CMakeFiles/cmTC_d10a1.dir/CheckFunctionExists.c.o   -c /usr/share/cmake-3.10/Modules/CheckFunctionExists.c
Linking C executable cmTC_d10a1
/usr/bin/cmake -E cmake_link_script CMakeFiles/cmTC_d10a1.dir/link.txt --verbose=1
/usr/bin/cc  -Wall -Wextra -Wno-unused-parameter -DCHECK_FUNCTION_EXISTS=pthread_create    -rdynamic CMakeFiles/cmTC_d10a1.dir/CheckFunctionExists.c.o  -o cmTC_d10a1 -lpthread 
make[1]: Leaving directory '/build/KLEE/CMakeFiles/CMakeTmp'


